KERNEL[414.518125] add      /module/ib_core (module)                                                                                                                                          
KERNEL[414.519019] add      /devices/virtual/workqueue/ib-comp-wq (workqueue)                                                                                                                 
UDEV  [414.522867] add      /module/ib_core (module)                                                                                                                                          
UDEV  [414.522997] add      /devices/virtual/workqueue/ib-comp-wq (workqueue)                                                                                                                 
KERNEL[414.524313] add      /devices/virtual/workqueue/ib-comp-unb-wq (workqueue)                                                                                                             
KERNEL[414.524358] add      /class/infiniband (class)                                                                                                                                         
UDEV  [414.527017] add      /class/infiniband (class)                                                                                                                                         
UDEV  [414.527071] add      /devices/virtual/workqueue/ib-comp-unb-wq (workqueue)                                                                                                             
KERNEL[414.528181] add      /module/udp_tunnel (module)                                                                                                                                       
UDEV  [414.529413] add      /module/udp_tunnel (module)                                                                                                                                       
KERNEL[414.530540] add      /module/ip6_udp_tunnel (module)                                                                                                                                   
UDEV  [414.531971] add      /module/ip6_udp_tunnel (module)                                                                                                                                   
KERNEL[414.535781] add      /module/ib_uverbs (module)                                                                                                                                        
KERNEL[414.535877] add      /class/infiniband_verbs (class)                                                                                                                                   
UDEV  [414.538439] add      /class/infiniband_verbs (class)                                                                                                                                   
UDEV  [414.540871] add      /module/ib_uverbs (module)                                                                                                                                        
KERNEL[414.540927] add      /module/rdma_rxe (module)                                                                                                                                         
KERNEL[414.541485] add      /kernel/slab/:0000336 (slab)                                                                                                                                      
UDEV  [414.544398] add      /module/rdma_rxe (module)                                                                                                                                         
UDEV  [414.545183] add      /kernel/slab/:0000336 (slab)                                                                                                                                      
KERNEL[465.809431] add      /devices/pci0000:00/0000:00:03.0/infiniband_verbs/uverbs0 (infiniband_verbs)                                                                                      
KERNEL[465.810216] add      /devices/pci0000:00/0000:00:03.0/infiniband/rxe0 (infiniband)                                                                                                     
UDEV  [465.812088] add      /devices/pci0000:00/0000:00:03.0/infiniband_verbs/uverbs0 (infiniband_verbs)                                                                                      
KERNEL[465.824777] move     /devices/pci0000:00/0000:00:03.0/infiniband/rocep0s3 (infiniband)                                                                                                 
UDEV  [465.829621] add      /devices/pci0000:00/0000:00:03.0/infiniband/rxe0 (infiniband)                                                                                                     
UDEV  [465.831650] move     /devices/pci0000:00/0000:00:03.0/infiniband/rocep0s3 (infiniband)                                                                                                 
KERNEL[465.841351] add      /kernel/slab/:A-0000256/cgroup/filp(1139:rdma-load-modules@rdma.service) (cgroup)                                                                                 
KERNEL[465.841383] add      /kernel/slab/dentry/cgroup/dentry(1139:rdma-load-modules@rdma.service) (cgroup)                                                                                   
KERNEL[465.841393] add      /kernel/slab/inode_cache/cgroup/inode_cache(1139:rdma-load-modules@rdma.service) (cgroup)                                                                         
KERNEL[465.841402] add      /kernel/slab/mm_struct/cgroup/mm_struct(1139:rdma-load-modules@rdma.service) (cgroup)                                                                             
KERNEL[465.841411] add      /kernel/slab/:A-0000128/cgroup/pid(1139:rdma-load-modules@rdma.service) (cgroup)                                                                                  
KERNEL[465.841420] add      /kernel/slab/sock_inode_cache/cgroup/sock_inode_cache(1139:rdma-load-modules@rdma.service) (cgroup)                                                               
KERNEL[465.841428] add      /kernel/slab/:A-0001024/cgroup/PING(1139:rdma-load-modules@rdma.service) (cgroup)                                                                                 
KERNEL[465.841437] add      /kernel/slab/skbuff_head_cache/cgroup/skbuff_head_cache(1139:rdma-load-modules@rdma.service) (cgroup)
KERNEL[465.841428] add      /kernel/slab/:A-0001024/cgroup/PING(1139:rdma-load-modules@rdma.service) (cgroup)                                                                        [129/177]
KERNEL[465.841437] add      /kernel/slab/skbuff_head_cache/cgroup/skbuff_head_cache(1139:rdma-load-modules@rdma.service) (cgroup)                                                             
KERNEL[465.841446] add      /kernel/slab/:A-0000208/cgroup/vm_area_struct(1139:rdma-load-modules@rdma.service) (cgroup)                                                                       
KERNEL[465.841454] add      /kernel/slab/kmalloc-512/cgroup/kmalloc-512(1139:rdma-load-modules@rdma.service) (cgroup)                                                                         
KERNEL[465.841462] add      /kernel/slab/:A-0000192/cgroup/cred_jar(1139:rdma-load-modules@rdma.service) (cgroup)                                                                             
KERNEL[465.841470] add      /kernel/slab/kmalloc-64/cgroup/kmalloc-64(1139:rdma-load-modules@rdma.service) (cgroup)                                                                           
KERNEL[465.843038] add      /kernel/slab/:A-0000064/cgroup/anon_vma_chain(1139:rdma-load-modules@rdma.service) (cgroup)                                                                       
KERNEL[465.843096] add      /kernel/slab/anon_vma/cgroup/anon_vma(1139:rdma-load-modules@rdma.service) (cgroup)                                                                               
KERNEL[465.850368] add      /kernel/slab/:A-0000040/cgroup/pde_opener(1139:rdma-load-modules@rdma.service) (cgroup)                                                                           
UDEV  [465.851734] add      /kernel/slab/:A-0000256/cgroup/filp(1139:rdma-load-modules@rdma.service) (cgroup)                                                                                 
KERNEL[465.852504] add      /kernel/slab/kmalloc-32/cgroup/kmalloc-32(1139:rdma-load-modules@rdma.service) (cgroup)                                                                           
KERNEL[465.852799] add      /kernel/slab/kmalloc-4k/cgroup/kmalloc-4k(1139:rdma-load-modules@rdma.service) (cgroup)                                                                           
KERNEL[465.857925] add      /kernel/slab/:A-0000256/cgroup/filp(1145:rdma-ndd.service) (cgroup)                                                                                               
KERNEL[465.857955] add      /kernel/slab/dentry/cgroup/dentry(1145:rdma-ndd.service) (cgroup)                                                                                                 
KERNEL[465.857966] add      /kernel/slab/inode_cache/cgroup/inode_cache(1145:rdma-ndd.service) (cgroup)                                                                                       
KERNEL[465.857975] add      /kernel/slab/:A-0000128/cgroup/pid(1145:rdma-ndd.service) (cgroup)                                                                                                
KERNEL[465.857984] add      /kernel/slab/sock_inode_cache/cgroup/sock_inode_cache(1145:rdma-ndd.service) (cgroup)                                                                             
KERNEL[465.857992] add      /kernel/slab/:A-0001024/cgroup/PING(1145:rdma-ndd.service) (cgroup)                                                                                               
KERNEL[465.858000] add      /kernel/slab/skbuff_head_cache/cgroup/skbuff_head_cache(1145:rdma-ndd.service) (cgroup)                                                                           
KERNEL[465.858009] add      /kernel/slab/kmalloc-512/cgroup/kmalloc-512(1145:rdma-ndd.service) (cgroup)                                                                                       
KERNEL[465.858017] add      /kernel/slab/:A-0000192/cgroup/cred_jar(1145:rdma-ndd.service) (cgroup)                                                                                           
KERNEL[465.858025] add      /kernel/slab/kmalloc-64/cgroup/kmalloc-64(1145:rdma-ndd.service) (cgroup)                                                                                         
UDEV  [465.859320] add      /kernel/slab/dentry/cgroup/dentry(1139:rdma-load-modules@rdma.service) (cgroup)                                                                                   
UDEV  [465.860812] add      /kernel/slab/:A-0000192/cgroup/cred_jar(1139:rdma-load-modules@rdma.service) (cgroup)                                                                             
KERNEL[465.860849] add      /kernel/slab/mm_struct/cgroup/mm_struct(1145:rdma-ndd.service) (cgroup)                                                                                           
KERNEL[465.860860] add      /kernel/slab/:A-0000208/cgroup/vm_area_struct(1145:rdma-ndd.service) (cgroup)                                                                                     
KERNEL[465.860869] add      /kernel/slab/:A-0000064/cgroup/anon_vma_chain(1145:rdma-ndd.service) (cgroup)                                                                                     
KERNEL[465.861023] add      /kernel/slab/anon_vma/cgroup/anon_vma(1145:rdma-ndd.service) (cgroup)                                                                                             
KERNEL[465.861035] add      /kernel/slab/kmalloc-4k/cgroup/kmalloc-4k(1145:rdma-ndd.service) (cgroup)                                                                                         
UDEV  [465.864122] add      /kernel/slab/:A-0000208/cgroup/vm_area_struct(1139:rdma-load-modules@rdma.service) (cgroup)                                                                       
UDEV  [465.865868] add      /kernel/slab/skbuff_head_cache/cgroup/skbuff_head_cache(1139:rdma-load-modules@rdma.service) (cgroup)          
